
[CRITICAL] [mc.automation] [2025-10-25 11:16:37] 
[CRITICAL] [mc.automation] [2025-10-25 11:16:37] 
[CRITICAL] [mc.automation] [2025-10-25 11:16:37] ================================================================================
[CRITICAL] [mc.automation] [2025-10-25 11:16:37] >>> Starting MVA 57805941
[CRITICAL] [mc.automation] [2025-10-25 11:16:37] ================================================================================
[CRITICAL] [mc.automation] [2025-10-25 11:16:52] [WORKITEM] 57805941 - Checking for open PM work items...
[CRITICAL] [mc.automation] [2025-10-25 11:17:01] [WORKITEM] 57805941 - no open PM Work Item found.
[CRITICAL] [mc.automation] [2025-10-25 11:17:09] [WORKITEM] 57805941 — navigating back home after skip
[CRITICAL] [mc.automation] [2025-10-25 11:44:47] 
[CRITICAL] [mc.automation] [2025-10-25 11:44:47] 
[CRITICAL] [mc.automation] [2025-10-25 11:44:47] ================================================================================
[CRITICAL] [mc.automation] [2025-10-25 11:44:47] >>> Starting MVA 57340846
[CRITICAL] [mc.automation] [2025-10-25 11:44:47] ================================================================================
[CRITICAL] [mc.automation] [2025-10-25 11:45:03] [WORKITEM] 57340846 - Checking for open PM work items...
[CRITICAL] [mc.automation] [2025-10-25 11:45:12] [WORKITEM] 57340846 - no open PM Work Item found.
[CRITICAL] [mc.automation] [2025-10-25 11:45:19] [WORKITEM] 57340846 — navigating back home after skip
[CRITICAL] [mc.automation] [2025-10-25 11:45:24] 
[CRITICAL] [mc.automation] [2025-10-25 11:45:24] 
[CRITICAL] [mc.automation] [2025-10-25 11:45:24] ================================================================================
[CRITICAL] [mc.automation] [2025-10-25 11:45:24] >>> Starting MVA 57805941
[CRITICAL] [mc.automation] [2025-10-25 11:45:24] ================================================================================
[CRITICAL] [mc.automation] [2025-10-25 11:45:40] [WORKITEM] 57805941 - Checking for open PM work items...
[CRITICAL] [mc.automation] [2025-10-25 11:45:49] [WORKITEM] 57805941 - no open PM Work Item found.
[CRITICAL] [mc.automation] [2025-10-25 11:45:56] [WORKITEM] 57805941 — navigating back home after skip
